2026-04-15 19:56:06,888 [INFO] Starting Data Load and Split...
2026-04-15 20:03:47,906 [INFO] Starting Data Load and Split...
2026-04-15 20:03:48,052 [INFO] ✅ Data split completed. Saved to data/raw_splits
2026-04-15 20:34:40,570 [INFO] Loading splits from data/raw_splits...
2026-04-15 20:34:40,585 [ERROR] Train dataset is empty. Cannot proceed with imputation.
2026-04-15 20:34:40,586 [INFO] Calculating medians on Train split...
2026-04-15 20:34:40,593 [INFO] ✅ Medians saved to models/medians.joblib
2026-04-15 20:34:40,595 [INFO] ✅ Preprocessing complete. Processed files saved to data/processed
2026-04-15 20:38:37,004 [INFO] Starting Data Load and Split...
2026-04-15 20:38:37,059 [INFO] GMT Unique Values: [ 91.2  66.   75.7 ... 219.9  37.1 197.4]
2026-04-15 20:38:37,059 [INFO] GMT Dtype: float64
2026-04-15 20:38:37,150 [INFO] ✅ Data split completed. Saved to data/raw_splits
2026-04-15 20:41:26,099 [INFO] Starting Data Load and Split...
2026-04-15 20:41:26,161 [INFO] GMT Unique Values: [ 0 12]
2026-04-15 20:41:26,161 [INFO] GMT Dtype: int64
2026-04-15 20:41:26,297 [INFO] ✅ Data split completed. Saved to data/raw_splits
2026-04-15 20:44:56,711 [INFO] Loading splits from data/raw_splits...
2026-04-15 20:44:56,721 [INFO] Calculating medians on Train split...
2026-04-15 20:44:56,724 [INFO] ✅ Medians saved to models/medians.joblib
2026-04-15 20:44:56,764 [INFO] ✅ Preprocessing complete. Processed files saved to data/processed
